<?xml version="1.0" encoding="UTF-8"?>
<!-- Generated by org.testng.reporters.JUnitReportReporter -->
<testsuite hostname="DESKTOP-A59L0MA" failures="0" tests="2" name="testCases.TC_AccountLoginTest" time="3.893" errors="0" timestamp="2024-12-11T02:09:03 IST" skipped="0">
  <testcase classname="testCases.TC_AccountLoginTest" name="verifyAccountLogin" time="1.813"/>
  <testcase classname="testCases.TC_AccountLoginTest" name="verifyAccountLogin" time="2.080"/>
</testsuite> <!-- testCases.TC_AccountLoginTest -->
