<?xml version="1.0" encoding="UTF-8"?>
<!-- Generated by org.testng.reporters.JUnitReportReporter -->
<testsuite hostname="DESKTOP-A59L0MA" failures="0" tests="7" name="testCases.TC_LoginTestDDTTest" time="62.723" errors="0" timestamp="2024-12-09T16:31:21 IST" skipped="0">
  <testcase classname="testCases.TC_LoginTestDDTTest" name="verifyAccountLoginDDT" time="10.125"/>
  <testcase classname="testCases.TC_LoginTestDDTTest" name="verifyAccountLoginDDT" time="9.856"/>
  <testcase classname="testCases.TC_LoginTestDDTTest" name="verifyAccountLoginDDT" time="5.299"/>
  <testcase classname="testCases.TC_LoginTestDDTTest" name="verifyAccountLoginDDT" time="10.729"/>
  <testcase classname="testCases.TC_LoginTestDDTTest" name="verifyAccountLoginDDT" time="9.530"/>
  <testcase classname="testCases.TC_LoginTestDDTTest" name="verifyAccountLoginDDT" time="7.097"/>
  <testcase classname="testCases.TC_LoginTestDDTTest" name="verifyAccountLoginDDT" time="10.087"/>
</testsuite> <!-- testCases.TC_LoginTestDDTTest -->
