<?xml version="1.0" encoding="UTF-8"?>
<!-- Generated by org.testng.reporters.JUnitReportReporter -->
<testsuite hostname="DESKTOP-A59L0MA" failures="0" tests="2" name="testCases.TC_AccountRegistrationTest" time="6.654" errors="0" timestamp="2024-12-11T02:09:03 IST" skipped="0">
  <testcase classname="testCases.TC_AccountRegistrationTest" name="verifyAccountRegistration" time="2.723"/>
  <testcase classname="testCases.TC_AccountRegistrationTest" name="verifyAccountRegistration" time="3.931"/>
</testsuite> <!-- testCases.TC_AccountRegistrationTest -->
