<?xml version="1.0" encoding="UTF-8"?>
<!-- Generated by org.testng.reporters.JUnitReportReporter -->
<testsuite hostname="DESKTOP-A59L0MA" failures="0" tests="1" name="testCases.TC_AccountRegistrationTest" time="3.572" errors="0" timestamp="2024-12-12T00:15:13 IST" skipped="0">
  <testcase classname="testCases.TC_AccountRegistrationTest" name="verifyAccountRegistration" time="3.572"/>
</testsuite> <!-- testCases.TC_AccountRegistrationTest -->
