<?xml version="1.0" encoding="UTF-8"?>
<!-- Generated by org.testng.reporters.JUnitReportReporter -->
<testsuite hostname="DESKTOP-A59L0MA" failures="0" tests="1" name="testCases.TC_AccountLoginTest" time="1.723" errors="0" timestamp="2024-12-12T00:15:13 IST" skipped="0">
  <testcase classname="testCases.TC_AccountLoginTest" name="verifyAccountLogin" time="1.723"/>
</testsuite> <!-- testCases.TC_AccountLoginTest -->
